<?xml version="1.0" encoding="UTF-8"?>
<!-- Generated by org.testng.reporters.JUnitXMLReporter -->
<testsuite ignored="32" hostname="DESKTOP-V3Q84TH" failures="25" tests="26" name="Test" time="29.017" errors="0" timestamp="2021-04-10T19:17:27 IDT">
  <testcase classname="tests.QuickViewProduct" name="tc01ClickPreview" time="20.577"/>
  <testcase classname="tests.SignInUserToSystem" name="tc03SignInFailed" time="0.003">
    <failure type="java.lang.NullPointerException">
      <![CDATA[java.lang.NullPointerException
at java.base/java.util.Objects.requireNonNull(Objects.java:221)
at org.openqa.selenium.interactions.Actions.<init>(Actions.java:65)
at pageobjects.BasePage.<init>(BasePage.java:23)
at pageobjects.WelcomePage.<init>(WelcomePage.java:92)
at tests.SignInUserToSystem.tc03SignInFailed(SignInUserToSystem.java:49)
at java.base/java.util.ArrayList.forEach(ArrayList.java:1540)
... Removed 27 stack frames]]>
    </failure>
  </testcase> <!-- tc03SignInFailed -->
  <testcase classname="tests.SignInUserToSystem" name="tc03SignInFailed" time="0.005">
    <failure type="java.lang.NullPointerException">
      <![CDATA[java.lang.NullPointerException
at java.base/java.util.Objects.requireNonNull(Objects.java:221)
at org.openqa.selenium.interactions.Actions.<init>(Actions.java:65)
at pageobjects.BasePage.<init>(BasePage.java:23)
at pageobjects.WelcomePage.<init>(WelcomePage.java:92)
at tests.SignInUserToSystem.tc03SignInFailed(SignInUserToSystem.java:49)
at java.base/java.util.ArrayList.forEach(ArrayList.java:1540)
... Removed 27 stack frames]]>
    </failure>
  </testcase> <!-- tc03SignInFailed -->
  <testcase classname="tests.SignInUserToSystem" name="tc03SignInFailed" time="0.003">
    <failure type="java.lang.NullPointerException">
      <![CDATA[java.lang.NullPointerException
at java.base/java.util.Objects.requireNonNull(Objects.java:221)
at org.openqa.selenium.interactions.Actions.<init>(Actions.java:65)
at pageobjects.BasePage.<init>(BasePage.java:23)
at pageobjects.WelcomePage.<init>(WelcomePage.java:92)
at tests.SignInUserToSystem.tc03SignInFailed(SignInUserToSystem.java:49)
at java.base/java.util.ArrayList.forEach(ArrayList.java:1540)
... Removed 27 stack frames]]>
    </failure>
  </testcase> <!-- tc03SignInFailed -->
  <testcase classname="tests.SignInUserToSystem" name="tc03SignInFailed" time="0.003">
    <failure type="java.lang.NullPointerException">
      <![CDATA[java.lang.NullPointerException
at java.base/java.util.Objects.requireNonNull(Objects.java:221)
at org.openqa.selenium.interactions.Actions.<init>(Actions.java:65)
at pageobjects.BasePage.<init>(BasePage.java:23)
at pageobjects.WelcomePage.<init>(WelcomePage.java:92)
at tests.SignInUserToSystem.tc03SignInFailed(SignInUserToSystem.java:49)
at java.base/java.util.ArrayList.forEach(ArrayList.java:1540)
... Removed 27 stack frames]]>
    </failure>
  </testcase> <!-- tc03SignInFailed -->
  <testcase classname="tests.SignInUserToSystem" name="tc02SignInFailed" time="0.003">
    <failure type="java.lang.NullPointerException">
      <![CDATA[java.lang.NullPointerException
at java.base/java.util.Objects.requireNonNull(Objects.java:221)
at org.openqa.selenium.interactions.Actions.<init>(Actions.java:65)
at pageobjects.BasePage.<init>(BasePage.java:23)
at pageobjects.WelcomePage.<init>(WelcomePage.java:92)
at tests.SignInUserToSystem.tc02SignInFailed(SignInUserToSystem.java:33)
at java.base/java.util.ArrayList.forEach(ArrayList.java:1540)
... Removed 27 stack frames]]>
    </failure>
  </testcase> <!-- tc02SignInFailed -->
  <testcase classname="tests.SignInUserToSystem" name="tc01SignInSuccessfullyToSystem" time="0.002">
    <failure type="java.lang.NullPointerException">
      <![CDATA[java.lang.NullPointerException
at java.base/java.util.Objects.requireNonNull(Objects.java:221)
at org.openqa.selenium.interactions.Actions.<init>(Actions.java:65)
at pageobjects.BasePage.<init>(BasePage.java:23)
at pageobjects.WelcomePage.<init>(WelcomePage.java:92)
at tests.SignInUserToSystem.tc01SignInSuccessfullyToSystem(SignInUserToSystem.java:17)
at java.base/java.util.ArrayList.forEach(ArrayList.java:1540)
... Removed 27 stack frames]]>
    </failure>
  </testcase> <!-- tc01SignInSuccessfullyToSystem -->
  <testcase classname="tests.AddFewProducts" name="tc03RemoveProduct" time="0.002">
    <failure type="java.lang.NullPointerException">
      <![CDATA[java.lang.NullPointerException
at java.base/java.util.Objects.requireNonNull(Objects.java:221)
at org.openqa.selenium.interactions.Actions.<init>(Actions.java:65)
at pageobjects.BasePage.<init>(BasePage.java:23)
at pageobjects.WelcomePage.<init>(WelcomePage.java:92)
at tests.AddFewProducts.tc03RemoveProduct(AddFewProducts.java:18)
at java.base/java.util.ArrayList.forEach(ArrayList.java:1540)
... Removed 27 stack frames]]>
    </failure>
  </testcase> <!-- tc03RemoveProduct -->
  <testcase classname="tests.SendMail" name="tc01SendSuccessfullyMail" time="0.002">
    <failure type="java.lang.NullPointerException">
      <![CDATA[java.lang.NullPointerException
at java.base/java.util.Objects.requireNonNull(Objects.java:221)
at org.openqa.selenium.interactions.Actions.<init>(Actions.java:65)
at pageobjects.BasePage.<init>(BasePage.java:23)
at pageobjects.WelcomePage.<init>(WelcomePage.java:92)
at tests.SendMail.tc01SendSuccessfullyMail(SendMail.java:14)
at java.base/java.util.ArrayList.forEach(ArrayList.java:1540)
... Removed 27 stack frames]]>
    </failure>
  </testcase> <!-- tc01SendSuccessfullyMail -->
  <testcase classname="tests.AddProduct" name="tc02AddFewProduct" time="0.002">
    <failure type="java.lang.NullPointerException">
      <![CDATA[java.lang.NullPointerException
at java.base/java.util.Objects.requireNonNull(Objects.java:221)
at org.openqa.selenium.interactions.Actions.<init>(Actions.java:65)
at pageobjects.BasePage.<init>(BasePage.java:23)
at pageobjects.WelcomePage.<init>(WelcomePage.java:92)
at tests.AddProduct.tc02AddFewProduct(AddProduct.java:27)
at java.base/java.util.ArrayList.forEach(ArrayList.java:1540)
... Removed 27 stack frames]]>
    </failure>
  </testcase> <!-- tc02AddFewProduct -->
  <testcase classname="tests.AddProduct" name="tc01AddProduct" time="0.005">
    <failure type="java.lang.NullPointerException">
      <![CDATA[java.lang.NullPointerException
at java.base/java.util.Objects.requireNonNull(Objects.java:221)
at org.openqa.selenium.interactions.Actions.<init>(Actions.java:65)
at pageobjects.BasePage.<init>(BasePage.java:23)
at pageobjects.WelcomePage.<init>(WelcomePage.java:92)
at tests.AddProduct.tc01AddProduct(AddProduct.java:16)
at java.base/java.util.ArrayList.forEach(ArrayList.java:1540)
... Removed 27 stack frames]]>
    </failure>
  </testcase> <!-- tc01AddProduct -->
  <testcase classname="tests.ReceiveDeliveryPage" name="tc01ReveiDeliveryPage" time="0.002">
    <failure type="java.lang.NullPointerException">
      <![CDATA[java.lang.NullPointerException
at java.base/java.util.Objects.requireNonNull(Objects.java:221)
at org.openqa.selenium.interactions.Actions.<init>(Actions.java:65)
at pageobjects.BasePage.<init>(BasePage.java:23)
at pageobjects.WelcomePage.<init>(WelcomePage.java:92)
at tests.ReceiveDeliveryPage.tc01ReveiDeliveryPage(ReceiveDeliveryPage.java:16)
at java.base/java.util.ArrayList.forEach(ArrayList.java:1540)
... Removed 27 stack frames]]>
    </failure>
  </testcase> <!-- tc01ReveiDeliveryPage -->
  <testcase classname="tests.AccessBackHome" name="tc01BackHome" time="0.001">
    <failure type="java.lang.NullPointerException">
      <![CDATA[java.lang.NullPointerException
at java.base/java.util.Objects.requireNonNull(Objects.java:221)
at org.openqa.selenium.interactions.Actions.<init>(Actions.java:65)
at pageobjects.BasePage.<init>(BasePage.java:23)
at pageobjects.WelcomePage.<init>(WelcomePage.java:92)
at tests.AccessBackHome.tc01BackHome(AccessBackHome.java:16)
at java.base/java.util.ArrayList.forEach(ArrayList.java:1540)
... Removed 27 stack frames]]>
    </failure>
  </testcase> <!-- tc01BackHome -->
  <testcase classname="tests.SortingProducts" name="tc01SortFromLowToHigh" time="0.008">
    <failure type="java.lang.NullPointerException">
      <![CDATA[java.lang.NullPointerException
at java.base/java.util.Objects.requireNonNull(Objects.java:221)
at org.openqa.selenium.interactions.Actions.<init>(Actions.java:65)
at pageobjects.BasePage.<init>(BasePage.java:23)
at pageobjects.WelcomePage.<init>(WelcomePage.java:92)
at tests.SortingProducts.tc01SortFromLowToHigh(SortingProducts.java:14)
at java.base/java.util.ArrayList.forEach(ArrayList.java:1540)
... Removed 27 stack frames]]>
    </failure>
  </testcase> <!-- tc01SortFromLowToHigh -->
  <testcase classname="tests.ProductTabSelection" name="tc01ProductTabSelection" time="0.001">
    <failure type="java.lang.NullPointerException">
      <![CDATA[java.lang.NullPointerException
at java.base/java.util.Objects.requireNonNull(Objects.java:221)
at org.openqa.selenium.interactions.Actions.<init>(Actions.java:65)
at pageobjects.BasePage.<init>(BasePage.java:23)
at pageobjects.WelcomePage.<init>(WelcomePage.java:92)
at tests.ProductTabSelection.tc01ProductTabSelection(ProductTabSelection.java:10)
at java.base/java.util.ArrayList.forEach(ArrayList.java:1540)
... Removed 27 stack frames]]>
    </failure>
  </testcase> <!-- tc01ProductTabSelection -->
  <testcase classname="tests.ProductTabSelection" name="tc02ProductSelection" time="0.002">
    <failure type="java.lang.NullPointerException">
      <![CDATA[java.lang.NullPointerException
at java.base/java.util.Objects.requireNonNull(Objects.java:221)
at org.openqa.selenium.interactions.Actions.<init>(Actions.java:65)
at pageobjects.BasePage.<init>(BasePage.java:23)
at pageobjects.WelcomePage.<init>(WelcomePage.java:92)
at tests.ProductTabSelection.tc02ProductSelection(ProductTabSelection.java:23)
at java.base/java.util.ArrayList.forEach(ArrayList.java:1540)
... Removed 27 stack frames]]>
    </failure>
  </testcase> <!-- tc02ProductSelection -->
  <testcase classname="tests.ForgotPassword" name="tc01ForgotPasswordSuccess" time="0.002">
    <failure type="java.lang.NullPointerException">
      <![CDATA[java.lang.NullPointerException
at java.base/java.util.Objects.requireNonNull(Objects.java:221)
at org.openqa.selenium.interactions.Actions.<init>(Actions.java:65)
at pageobjects.BasePage.<init>(BasePage.java:23)
at pageobjects.WelcomePage.<init>(WelcomePage.java:92)
at tests.ForgotPassword.tc01ForgotPasswordSuccess(ForgotPassword.java:15)
at java.base/java.util.ArrayList.forEach(ArrayList.java:1540)
... Removed 27 stack frames]]>
    </failure>
  </testcase> <!-- tc01ForgotPasswordSuccess -->
  <testcase classname="tests.EnterNewLetterMail" name="tc01EnterNewMail" time="0.002">
    <failure type="java.lang.NullPointerException">
      <![CDATA[java.lang.NullPointerException
at java.base/java.util.Objects.requireNonNull(Objects.java:221)
at org.openqa.selenium.interactions.Actions.<init>(Actions.java:65)
at pageobjects.BasePage.<init>(BasePage.java:23)
at pageobjects.WelcomePage.<init>(WelcomePage.java:92)
at tests.EnterNewLetterMail.tc01EnterNewMail(EnterNewLetterMail.java:14)
at java.base/java.util.ArrayList.forEach(ArrayList.java:1540)
... Removed 27 stack frames]]>
    </failure>
  </testcase> <!-- tc01EnterNewMail -->
  <testcase classname="tests.EnterNewLetterMail" name="tc02EnterWrongMailFormat" time="0.007">
    <failure type="java.lang.NullPointerException">
      <![CDATA[java.lang.NullPointerException
at java.base/java.util.Objects.requireNonNull(Objects.java:221)
at org.openqa.selenium.interactions.Actions.<init>(Actions.java:65)
at pageobjects.BasePage.<init>(BasePage.java:23)
at pageobjects.WelcomePage.<init>(WelcomePage.java:92)
at tests.EnterNewLetterMail.tc02EnterWrongMailFormat(EnterNewLetterMail.java:27)
at java.base/java.util.ArrayList.forEach(ArrayList.java:1540)
... Removed 27 stack frames]]>
    </failure>
  </testcase> <!-- tc02EnterWrongMailFormat -->
  <testcase classname="tests.EnterNewLetterMail" name="tc03EnterExistMail" time="0.002">
    <failure type="java.lang.NullPointerException">
      <![CDATA[java.lang.NullPointerException
at java.base/java.util.Objects.requireNonNull(Objects.java:221)
at org.openqa.selenium.interactions.Actions.<init>(Actions.java:65)
at pageobjects.BasePage.<init>(BasePage.java:23)
at pageobjects.WelcomePage.<init>(WelcomePage.java:92)
at tests.EnterNewLetterMail.tc03EnterExistMail(EnterNewLetterMail.java:40)
at java.base/java.util.ArrayList.forEach(ArrayList.java:1540)
... Removed 27 stack frames]]>
    </failure>
  </testcase> <!-- tc03EnterExistMail -->
  <testcase classname="tests.BackToLoginFromSignIn" name="tc01BackToLogin" time="0.002">
    <failure type="java.lang.NullPointerException">
      <![CDATA[java.lang.NullPointerException
at java.base/java.util.Objects.requireNonNull(Objects.java:221)
at org.openqa.selenium.interactions.Actions.<init>(Actions.java:65)
at pageobjects.BasePage.<init>(BasePage.java:23)
at pageobjects.WelcomePage.<init>(WelcomePage.java:92)
at tests.BackToLoginFromSignIn.tc01BackToLogin(BackToLoginFromSignIn.java:15)
at java.base/java.util.ArrayList.forEach(ArrayList.java:1540)
... Removed 27 stack frames]]>
    </failure>
  </testcase> <!-- tc01BackToLogin -->
  <testcase classname="tests.CreateUser" name="tc01CreateUser" time="0.001">
    <failure type="java.lang.NullPointerException">
      <![CDATA[java.lang.NullPointerException
at java.base/java.util.Objects.requireNonNull(Objects.java:221)
at org.openqa.selenium.interactions.Actions.<init>(Actions.java:65)
at pageobjects.BasePage.<init>(BasePage.java:23)
at pageobjects.WelcomePage.<init>(WelcomePage.java:92)
at tests.CreateUser.tc01CreateUser(CreateUser.java:15)
at java.base/java.util.ArrayList.forEach(ArrayList.java:1540)
... Removed 27 stack frames]]>
    </failure>
  </testcase> <!-- tc01CreateUser -->
  <testcase classname="tests.AddProductTestPaymentSum" name="tc04CalcProductsPrice" time="0.001">
    <failure type="java.lang.NullPointerException">
      <![CDATA[java.lang.NullPointerException
at java.base/java.util.Objects.requireNonNull(Objects.java:221)
at org.openqa.selenium.interactions.Actions.<init>(Actions.java:65)
at pageobjects.BasePage.<init>(BasePage.java:23)
at pageobjects.WelcomePage.<init>(WelcomePage.java:92)
at tests.AddProductTestPaymentSum.tc04CalcProductsPrice(AddProductTestPaymentSum.java:18)
at java.base/java.util.ArrayList.forEach(ArrayList.java:1540)
... Removed 27 stack frames]]>
    </failure>
  </testcase> <!-- tc04CalcProductsPrice -->
  <testcase classname="tests.SearchProduct" name="tc01SearchExistProduct" time="0.002">
    <failure type="java.lang.NullPointerException">
      <![CDATA[java.lang.NullPointerException
at java.base/java.util.Objects.requireNonNull(Objects.java:221)
at org.openqa.selenium.interactions.Actions.<init>(Actions.java:65)
at pageobjects.BasePage.<init>(BasePage.java:23)
at pageobjects.WelcomePage.<init>(WelcomePage.java:92)
at tests.SearchProduct.tc01SearchExistProduct(SearchProduct.java:32)
at java.base/java.util.ArrayList.forEach(ArrayList.java:1540)
... Removed 27 stack frames]]>
    </failure>
  </testcase> <!-- tc01SearchExistProduct -->
  <testcase classname="tests.SearchProduct" name="tc01SearchNotExistProduct" time="0.001">
    <failure type="java.lang.NullPointerException">
      <![CDATA[java.lang.NullPointerException
at java.base/java.util.Objects.requireNonNull(Objects.java:221)
at org.openqa.selenium.interactions.Actions.<init>(Actions.java:65)
at pageobjects.BasePage.<init>(BasePage.java:23)
at pageobjects.WelcomePage.<init>(WelcomePage.java:92)
at tests.SearchProduct.tc01SearchNotExistProduct(SearchProduct.java:17)
at java.base/java.util.ArrayList.forEach(ArrayList.java:1540)
... Removed 27 stack frames]]>
    </failure>
  </testcase> <!-- tc01SearchNotExistProduct -->
  <testcase classname="tests.RemovalOfProduct" name="tc05CheckingRemoveBTN" time="0.001">
    <failure type="java.lang.NullPointerException">
      <![CDATA[java.lang.NullPointerException
at java.base/java.util.Objects.requireNonNull(Objects.java:221)
at org.openqa.selenium.interactions.Actions.<init>(Actions.java:65)
at pageobjects.BasePage.<init>(BasePage.java:23)
at pageobjects.WelcomePage.<init>(WelcomePage.java:92)
at tests.RemovalOfProduct.tc05CheckingRemoveBTN(RemovalOfProduct.java:18)
at java.base/java.util.ArrayList.forEach(ArrayList.java:1540)
... Removed 27 stack frames]]>
    </failure>
  </testcase> <!-- tc05CheckingRemoveBTN -->
  <testcase classname="tests.BaseTest" name="@BeforeTest setup" time="0.0">
    <ignored/>
  </testcase> <!-- @BeforeTest setup -->
  <testcase classname="tests.BaseTest" name="@BeforeTest setup" time="0.0">
    <ignored/>
  </testcase> <!-- @BeforeTest setup -->
  <testcase classname="tests.BaseTest" name="@BeforeTest setup" time="0.0">
    <ignored/>
  </testcase> <!-- @BeforeTest setup -->
  <testcase classname="tests.BaseTest" name="@BeforeTest setup" time="0.0">
    <ignored/>
  </testcase> <!-- @BeforeTest setup -->
  <testcase classname="tests.BaseTest" name="@BeforeTest setup" time="0.0">
    <ignored/>
  </testcase> <!-- @BeforeTest setup -->
  <testcase classname="tests.BaseTest" name="@BeforeTest setup" time="0.0">
    <ignored/>
  </testcase> <!-- @BeforeTest setup -->
  <testcase classname="tests.BaseTest" name="@BeforeTest setup" time="0.0">
    <ignored/>
  </testcase> <!-- @BeforeTest setup -->
  <testcase classname="tests.BaseTest" name="@BeforeTest setup" time="0.0">
    <ignored/>
  </testcase> <!-- @BeforeTest setup -->
  <testcase classname="tests.BaseTest" name="@BeforeTest setup" time="0.0">
    <ignored/>
  </testcase> <!-- @BeforeTest setup -->
  <testcase classname="tests.BaseTest" name="@BeforeTest setup" time="0.0">
    <ignored/>
  </testcase> <!-- @BeforeTest setup -->
  <testcase classname="tests.BaseTest" name="@BeforeTest setup" time="0.0">
    <ignored/>
  </testcase> <!-- @BeforeTest setup -->
  <testcase classname="tests.BaseTest" name="@BeforeTest setup" time="0.0">
    <ignored/>
  </testcase> <!-- @BeforeTest setup -->
  <testcase classname="tests.BaseTest" name="@BeforeTest setup" time="0.0">
    <ignored/>
  </testcase> <!-- @BeforeTest setup -->
  <testcase classname="tests.BaseTest" name="@BeforeTest setup" time="0.0">
    <ignored/>
  </testcase> <!-- @BeforeTest setup -->
  <testcase classname="tests.BaseTest" name="@BeforeTest setup" time="0.0">
    <ignored/>
  </testcase> <!-- @BeforeTest setup -->
  <testcase classname="tests.BaseTest" name="@BeforeTest setup" time="0.0">
    <ignored/>
  </testcase> <!-- @BeforeTest setup -->
  <testcase classname="tests.BaseTest" name="@AfterTest tearDown" time="0.0">
    <ignored/>
  </testcase> <!-- @AfterTest tearDown -->
  <testcase classname="tests.BaseTest" name="@AfterTest tearDown" time="0.0">
    <ignored/>
  </testcase> <!-- @AfterTest tearDown -->
  <testcase classname="tests.BaseTest" name="@AfterTest tearDown" time="0.0">
    <ignored/>
  </testcase> <!-- @AfterTest tearDown -->
  <testcase classname="tests.BaseTest" name="@AfterTest tearDown" time="0.0">
    <ignored/>
  </testcase> <!-- @AfterTest tearDown -->
  <testcase classname="tests.BaseTest" name="@AfterTest tearDown" time="0.0">
    <ignored/>
  </testcase> <!-- @AfterTest tearDown -->
  <testcase classname="tests.BaseTest" name="@AfterTest tearDown" time="0.0">
    <ignored/>
  </testcase> <!-- @AfterTest tearDown -->
  <testcase classname="tests.BaseTest" name="@AfterTest tearDown" time="0.0">
    <ignored/>
  </testcase> <!-- @AfterTest tearDown -->
  <testcase classname="tests.BaseTest" name="@AfterTest tearDown" time="0.0">
    <ignored/>
  </testcase> <!-- @AfterTest tearDown -->
  <testcase classname="tests.BaseTest" name="@AfterTest tearDown" time="0.0">
    <ignored/>
  </testcase> <!-- @AfterTest tearDown -->
  <testcase classname="tests.BaseTest" name="@AfterTest tearDown" time="0.0">
    <ignored/>
  </testcase> <!-- @AfterTest tearDown -->
  <testcase classname="tests.BaseTest" name="@AfterTest tearDown" time="0.0">
    <ignored/>
  </testcase> <!-- @AfterTest tearDown -->
  <testcase classname="tests.BaseTest" name="@AfterTest tearDown" time="0.0">
    <ignored/>
  </testcase> <!-- @AfterTest tearDown -->
  <testcase classname="tests.BaseTest" name="@AfterTest tearDown" time="0.0">
    <ignored/>
  </testcase> <!-- @AfterTest tearDown -->
  <testcase classname="tests.BaseTest" name="@AfterTest tearDown" time="0.0">
    <ignored/>
  </testcase> <!-- @AfterTest tearDown -->
  <testcase classname="tests.BaseTest" name="@AfterTest tearDown" time="0.0">
    <ignored/>
  </testcase> <!-- @AfterTest tearDown -->
  <testcase classname="tests.BaseTest" name="@AfterTest tearDown" time="0.0">
    <ignored/>
  </testcase> <!-- @AfterTest tearDown -->
</testsuite> <!-- Test -->
