<?xml version="1.0" encoding="UTF-8"?>
<!-- Generated by org.testng.reporters.JUnitXMLReporter -->
<testsuite hostname="DESKTOP-V3Q84TH" ignored="0" name="Test" tests="26" failures="2" timestamp="2021-05-08T23:52:40 IDT" time="665.716" errors="0">
  <testcase name="tc01ClickPreview" time="20.777" classname="tests.QuickViewProduct"/>
  <testcase name="tc01SignInFailed" time="22.594" classname="tests.SignInUserToSystem"/>
  <testcase name="tc02SignInFailed" time="22.369" classname="tests.SignInUserToSystem"/>
  <testcase name="tc02SignInFailed" time="23.814" classname="tests.SignInUserToSystem"/>
  <testcase name="tc02SignInFailed" time="23.514" classname="tests.SignInUserToSystem"/>
  <testcase name="tc02SignInFailed" time="22.955" classname="tests.SignInUserToSystem"/>
  <testcase name="tc03SignInSuccessfullyToSystem" time="8.823" classname="tests.SignInUserToSystem"/>
  <testcase name="tc03RemoveProduct" time="65.188" classname="tests.AddFewProducts"/>
  <testcase name="tc01SendSuccessfullyMail" time="4.884" classname="tests.SendMail"/>
  <testcase name="tc02AddFewProduct" time="61.607" classname="tests.AddProduct"/>
  <testcase name="tc01AddProduct" time="17.468" classname="tests.AddProduct"/>
  <testcase name="tc01ReveiDeliveryPage" time="9.45" classname="tests.ReceiveDeliveryPage"/>
  <testcase name="tc01BackHome" time="5.581" classname="tests.AccessBackHome"/>
  <testcase name="tc01SortFromLowToHigh" time="12.468" classname="tests.SortingProducts">
    <failure type="java.lang.AssertionError" message="expected [true] but found [false]">
      <![CDATA[java.lang.AssertionError: expected [true] but found [false]
at tests.SortingProducts.tc01SortFromLowToHigh(SortingProducts.java:22)
at java.util.ArrayList.forEach(ArrayList.java:1259)
... Removed 37 stack frames]]>
    </failure>
  </testcase> <!-- tc01SortFromLowToHigh -->
  <testcase name="tc01ProductTabSelection" time="10.104" classname="tests.ProductTabSelection"/>
  <testcase name="tc02ProductSelection" time="0.115" classname="tests.ProductTabSelection"/>
  <testcase name="tc01ForgotPasswordSuccess" time="25.225" classname="tests.ForgotPassword"/>
  <testcase name="tc01EnterNewMail" time="7.12" classname="tests.EnterNewLetterMail">
    <failure type="java.lang.AssertionError" message="expected [Newsletter : You have successfully subscribed to this newsletter.] but found [Newsletter : This email address is already registered.]">
      <![CDATA[java.lang.AssertionError: expected [Newsletter : You have successfully subscribed to this newsletter.] but found [Newsletter : This email address is already registered.]
at tests.EnterNewLetterMail.tc01EnterNewMail(EnterNewLetterMail.java:18)
at java.util.ArrayList.forEach(ArrayList.java:1259)
... Removed 37 stack frames]]>
    </failure>
  </testcase> <!-- tc01EnterNewMail -->
  <testcase name="tc02EnterWrongMailFormat" time="7.13" classname="tests.EnterNewLetterMail"/>
  <testcase name="tc03EnterExistMail" time="7.687" classname="tests.EnterNewLetterMail"/>
  <testcase name="tc01BackToLogin" time="23.991" classname="tests.BackToLoginFromSignIn"/>
  <testcase name="tc01CreateUser" time="28.334" classname="tests.CreateUser"/>
  <testcase name="tc04CalcProductsPrice" time="41.119" classname="tests.AddProductTestPaymentSum"/>
  <testcase name="tc01SearchExistProduct" time="7.054" classname="tests.SearchProduct"/>
  <testcase name="tc01SearchNotExistProduct" time="6.968" classname="tests.SearchProduct"/>
  <testcase name="tc05CheckingRemoveBTN" time="59.613" classname="tests.RemovalOfProduct"/>
</testsuite> <!-- Test -->
