<html>
<head>
<title>TestNG:  Test</title>
<link href="../testng.css" rel="stylesheet" type="text/css" />
<link href="../my-testng.css" rel="stylesheet" type="text/css" />

<style type="text/css">
.log { display: none;} 
.stack-trace { display: none;} 
</style>
<script type="text/javascript">
<!--
function flip(e) {
  current = e.style.display;
  if (current == 'block') {
    e.style.display = 'none';
    return 0;
  }
  else {
    e.style.display = 'block';
    return 1;
  }
}

function toggleBox(szDivId, elem, msg1, msg2)
{
  var res = -1;  if (document.getElementById) {
    res = flip(document.getElementById(szDivId));
  }
  else if (document.all) {
    // this is the way old msie versions work
    res = flip(document.all[szDivId]);
  }
  if(elem) {
    if(res == 0) elem.innerHTML = msg1; else elem.innerHTML = msg2;
  }

}

function toggleAllBoxes() {
  if (document.getElementsByTagName) {
    d = document.getElementsByTagName('div');
    for (i = 0; i < d.length; i++) {
      if (d[i].className == 'log') {
        flip(d[i]);
      }
    }
  }
}

// -->
</script>

</head>
<body>
<h2 align='center'>Test</h2><table border='1' align="center">
<tr>
<td>Tests passed/Failed/Skipped:</td><td>24/2/0</td>
</tr><tr>
<td>Started on:</td><td>Sat May 08 23:41:34 IDT 2021</td>
</tr>
<tr><td>Total time:</td><td>665 seconds (665716 ms)</td>
</tr><tr>
<td>Included groups:</td><td></td>
</tr><tr>
<td>Excluded groups:</td><td></td>
</tr>
</table><p/>
<small><i>(Hover the method name to see the test class name)</i></small><p/>
<table width='100%' border='1' class='invocation-failed'>
<tr><td colspan='4' align='center'><b>FAILED TESTS</b></td></tr>
<tr><td><b>Test method</b></td>
<td width="30%"><b>Exception</b></td>
<td width="10%"><b>Time (seconds)</b></td>
<td><b>Instance</b></td>
</tr>
<tr>
<td title='tests.EnterNewLetterMail.tc01EnterNewMail()'><b>tc01EnterNewMail</b><br>Test class: tests.EnterNewLetterMail</td>
<td><div><pre>java.lang.AssertionError: expected [Newsletter : You have successfully subscribed to this newsletter.] but found [Newsletter : This email address is already registered.]
	at tests.EnterNewLetterMail.tc01EnterNewMail(EnterNewLetterMail.java:18)
	at java.util.ArrayList.forEach(ArrayList.java:1259)
... Removed 37 stack frames</pre></div><a href='#' onClick='toggleBox("stack-trace1025281845", this, "Click to show all stack frames", "Click to hide stack frames")'>Click to show all stack frames</a>
<div class='stack-trace' id='stack-trace1025281845'><pre>java.lang.AssertionError: expected [Newsletter : You have successfully subscribed to this newsletter.] but found [Newsletter : This email address is already registered.]
	at org.testng.Assert.fail(Assert.java:99)
	at org.testng.Assert.failNotEquals(Assert.java:1037)
	at org.testng.Assert.assertEqualsImpl(Assert.java:140)
	at org.testng.Assert.assertEquals(Assert.java:122)
	at org.testng.Assert.assertEquals(Assert.java:629)
	at org.testng.Assert.assertEquals(Assert.java:639)
	at tests.EnterNewLetterMail.tc01EnterNewMail(EnterNewLetterMail.java:18)
	at sun.reflect.NativeMethodAccessorImpl.invoke0(Native Method)
	at sun.reflect.NativeMethodAccessorImpl.invoke(NativeMethodAccessorImpl.java:62)
	at sun.reflect.DelegatingMethodAccessorImpl.invoke(DelegatingMethodAccessorImpl.java:43)
	at java.lang.reflect.Method.invoke(Method.java:498)
	at org.testng.internal.MethodInvocationHelper.invokeMethod(MethodInvocationHelper.java:132)
	at org.testng.internal.TestInvoker.invokeMethod(TestInvoker.java:599)
	at org.testng.internal.TestInvoker.invokeTestMethod(TestInvoker.java:174)
	at org.testng.internal.MethodRunner.runInSequence(MethodRunner.java:46)
	at org.testng.internal.TestInvoker$MethodInvocationAgent.invoke(TestInvoker.java:822)
	at org.testng.internal.TestInvoker.invokeTestMethods(TestInvoker.java:147)
	at org.testng.internal.TestMethodWorker.invokeTestMethods(TestMethodWorker.java:146)
	at org.testng.internal.TestMethodWorker.run(TestMethodWorker.java:128)
	at java.util.ArrayList.forEach(ArrayList.java:1259)
	at org.testng.TestRunner.privateRun(TestRunner.java:764)
	at org.testng.TestRunner.run(TestRunner.java:585)
	at org.testng.SuiteRunner.runTest(SuiteRunner.java:384)
	at org.testng.SuiteRunner.runSequentially(SuiteRunner.java:378)
	at org.testng.SuiteRunner.privateRun(SuiteRunner.java:337)
	at org.testng.SuiteRunner.run(SuiteRunner.java:286)
	at org.testng.SuiteRunnerWorker.runSuite(SuiteRunnerWorker.java:53)
	at org.testng.SuiteRunnerWorker.run(SuiteRunnerWorker.java:96)
	at org.testng.TestNG.runSuitesSequentially(TestNG.java:1218)
	at org.testng.TestNG.runSuitesLocally(TestNG.java:1140)
	at org.testng.TestNG.runSuites(TestNG.java:1069)
	at org.testng.TestNG.run(TestNG.java:1037)
	at org.apache.maven.surefire.testng.TestNGExecutor.run(TestNGExecutor.java:284)
	at org.apache.maven.surefire.testng.TestNGXmlTestSuite.execute(TestNGXmlTestSuite.java:75)
	at org.apache.maven.surefire.testng.TestNGProvider.invoke(TestNGProvider.java:119)
	at org.apache.maven.surefire.booter.ForkedBooter.runSuitesInProcess(ForkedBooter.java:428)
	at org.apache.maven.surefire.booter.ForkedBooter.execute(ForkedBooter.java:162)
	at org.apache.maven.surefire.booter.ForkedBooter.run(ForkedBooter.java:562)
	at org.apache.maven.surefire.booter.ForkedBooter.main(ForkedBooter.java:548)
</pre></div></td>
<td>7</td>
<td>tests.EnterNewLetterMail@5b6813df</td></tr>
<tr>
<td title='tests.SortingProducts.tc01SortFromLowToHigh()'><b>tc01SortFromLowToHigh</b><br>Test class: tests.SortingProducts</td>
<td><div><pre>java.lang.AssertionError: expected [true] but found [false]
	at tests.SortingProducts.tc01SortFromLowToHigh(SortingProducts.java:22)
	at java.util.ArrayList.forEach(ArrayList.java:1259)
... Removed 37 stack frames</pre></div><a href='#' onClick='toggleBox("stack-trace1815079573", this, "Click to show all stack frames", "Click to hide stack frames")'>Click to show all stack frames</a>
<div class='stack-trace' id='stack-trace1815079573'><pre>java.lang.AssertionError: expected [true] but found [false]
	at org.testng.Assert.fail(Assert.java:99)
	at org.testng.Assert.failNotEquals(Assert.java:1037)
	at org.testng.Assert.assertEqualsImpl(Assert.java:140)
	at org.testng.Assert.assertEquals(Assert.java:122)
	at org.testng.Assert.assertEquals(Assert.java:819)
	at org.testng.Assert.assertEquals(Assert.java:829)
	at tests.SortingProducts.tc01SortFromLowToHigh(SortingProducts.java:22)
	at sun.reflect.NativeMethodAccessorImpl.invoke0(Native Method)
	at sun.reflect.NativeMethodAccessorImpl.invoke(NativeMethodAccessorImpl.java:62)
	at sun.reflect.DelegatingMethodAccessorImpl.invoke(DelegatingMethodAccessorImpl.java:43)
	at java.lang.reflect.Method.invoke(Method.java:498)
	at org.testng.internal.MethodInvocationHelper.invokeMethod(MethodInvocationHelper.java:132)
	at org.testng.internal.TestInvoker.invokeMethod(TestInvoker.java:599)
	at org.testng.internal.TestInvoker.invokeTestMethod(TestInvoker.java:174)
	at org.testng.internal.MethodRunner.runInSequence(MethodRunner.java:46)
	at org.testng.internal.TestInvoker$MethodInvocationAgent.invoke(TestInvoker.java:822)
	at org.testng.internal.TestInvoker.invokeTestMethods(TestInvoker.java:147)
	at org.testng.internal.TestMethodWorker.invokeTestMethods(TestMethodWorker.java:146)
	at org.testng.internal.TestMethodWorker.run(TestMethodWorker.java:128)
	at java.util.ArrayList.forEach(ArrayList.java:1259)
	at org.testng.TestRunner.privateRun(TestRunner.java:764)
	at org.testng.TestRunner.run(TestRunner.java:585)
	at org.testng.SuiteRunner.runTest(SuiteRunner.java:384)
	at org.testng.SuiteRunner.runSequentially(SuiteRunner.java:378)
	at org.testng.SuiteRunner.privateRun(SuiteRunner.java:337)
	at org.testng.SuiteRunner.run(SuiteRunner.java:286)
	at org.testng.SuiteRunnerWorker.runSuite(SuiteRunnerWorker.java:53)
	at org.testng.SuiteRunnerWorker.run(SuiteRunnerWorker.java:96)
	at org.testng.TestNG.runSuitesSequentially(TestNG.java:1218)
	at org.testng.TestNG.runSuitesLocally(TestNG.java:1140)
	at org.testng.TestNG.runSuites(TestNG.java:1069)
	at org.testng.TestNG.run(TestNG.java:1037)
	at org.apache.maven.surefire.testng.TestNGExecutor.run(TestNGExecutor.java:284)
	at org.apache.maven.surefire.testng.TestNGXmlTestSuite.execute(TestNGXmlTestSuite.java:75)
	at org.apache.maven.surefire.testng.TestNGProvider.invoke(TestNGProvider.java:119)
	at org.apache.maven.surefire.booter.ForkedBooter.runSuitesInProcess(ForkedBooter.java:428)
	at org.apache.maven.surefire.booter.ForkedBooter.execute(ForkedBooter.java:162)
	at org.apache.maven.surefire.booter.ForkedBooter.run(ForkedBooter.java:562)
	at org.apache.maven.surefire.booter.ForkedBooter.main(ForkedBooter.java:548)
</pre></div></td>
<td>12</td>
<td>tests.SortingProducts@62679465</td></tr>
</table><p>
<table width='100%' border='1' class='invocation-passed'>
<tr><td colspan='4' align='center'><b>PASSED TESTS</b></td></tr>
<tr><td><b>Test method</b></td>
<td width="30%"><b>Exception</b></td>
<td width="10%"><b>Time (seconds)</b></td>
<td><b>Instance</b></td>
</tr>
<tr>
<td title='tests.AddProduct.tc01AddProduct()'><b>tc01AddProduct</b><br>Test class: tests.AddProduct</td>
<td></td>
<td>17</td>
<td>tests.AddProduct@6d1d4d7</td></tr>
<tr>
<td title='tests.AccessBackHome.tc01BackHome()'><b>tc01BackHome</b><br>Test class: tests.AccessBackHome</td>
<td></td>
<td>5</td>
<td>tests.AccessBackHome@6865c751</td></tr>
<tr>
<td title='tests.BackToLoginFromSignIn.tc01BackToLogin()'><b>tc01BackToLogin</b><br>Test class: tests.BackToLoginFromSignIn</td>
<td></td>
<td>23</td>
<td>tests.BackToLoginFromSignIn@5f2606b</td></tr>
<tr>
<td title='tests.QuickViewProduct.tc01ClickPreview()'><b>tc01ClickPreview</b><br>Test class: tests.QuickViewProduct</td>
<td></td>
<td>20</td>
<td>tests.QuickViewProduct@69c79f09</td></tr>
<tr>
<td title='tests.CreateUser.tc01CreateUser()'><b>tc01CreateUser</b><br>Test class: tests.CreateUser</td>
<td></td>
<td>28</td>
<td>tests.CreateUser@2b58f754</td></tr>
<tr>
<td title='tests.ForgotPassword.tc01ForgotPasswordSuccess()'><b>tc01ForgotPasswordSuccess</b><br>Test class: tests.ForgotPassword</td>
<td></td>
<td>25</td>
<td>tests.ForgotPassword@1d71006f</td></tr>
<tr>
<td title='tests.ProductTabSelection.tc01ProductTabSelection()'><b>tc01ProductTabSelection</b><br>Test class: tests.ProductTabSelection</td>
<td></td>
<td>10</td>
<td>tests.ProductTabSelection@6a988392</td></tr>
<tr>
<td title='tests.ReceiveDeliveryPage.tc01ReveiDeliveryPage()'><b>tc01ReveiDeliveryPage</b><br>Test class: tests.ReceiveDeliveryPage</td>
<td></td>
<td>9</td>
<td>tests.ReceiveDeliveryPage@89ff02e</td></tr>
<tr>
<td title='tests.SearchProduct.tc01SearchExistProduct()'><b>tc01SearchExistProduct</b><br>Test class: tests.SearchProduct</td>
<td></td>
<td>7</td>
<td>tests.SearchProduct@2552f2cb</td></tr>
<tr>
<td title='tests.SearchProduct.tc01SearchNotExistProduct()'><b>tc01SearchNotExistProduct</b><br>Test class: tests.SearchProduct</td>
<td></td>
<td>6</td>
<td>tests.SearchProduct@2552f2cb</td></tr>
<tr>
<td title='tests.SendMail.tc01SendSuccessfullyMail()'><b>tc01SendSuccessfullyMail</b><br>Test class: tests.SendMail</td>
<td></td>
<td>4</td>
<td>tests.SendMail@533b266e</td></tr>
<tr>
<td title='tests.SignInUserToSystem.tc01SignInFailed()'><b>tc01SignInFailed</b><br>Test class: tests.SignInUserToSystem</td>
<td></td>
<td>22</td>
<td>tests.SignInUserToSystem@1ca25c47</td></tr>
<tr>
<td title='tests.AddProduct.tc02AddFewProduct()'><b>tc02AddFewProduct</b><br>Test class: tests.AddProduct</td>
<td></td>
<td>61</td>
<td>tests.AddProduct@6d1d4d7</td></tr>
<tr>
<td title='tests.EnterNewLetterMail.tc02EnterWrongMailFormat()'><b>tc02EnterWrongMailFormat</b><br>Test class: tests.EnterNewLetterMail</td>
<td></td>
<td>7</td>
<td>tests.EnterNewLetterMail@5b6813df</td></tr>
<tr>
<td title='tests.ProductTabSelection.tc02ProductSelection()'><b>tc02ProductSelection</b><br>Test class: tests.ProductTabSelection</td>
<td></td>
<td>0</td>
<td>tests.ProductTabSelection@6a988392</td></tr>
<tr>
<td title='tests.SignInUserToSystem.tc02SignInFailed()'><b>tc02SignInFailed</b><br>Test class: tests.SignInUserToSystem<br>Test method: Using Different Mail of users<br>Parameters: itamar83@gmail.com, 1234567</td>
<td></td>
<td>22</td>
<td>tests.SignInUserToSystem@1ca25c47</td></tr>
<tr>
<td title='tests.SignInUserToSystem.tc02SignInFailed()'><b>tc02SignInFailed</b><br>Test class: tests.SignInUserToSystem<br>Test method: Using Different Mail of users<br>Parameters: abc@abcdeg.com, 456789</td>
<td></td>
<td>23</td>
<td>tests.SignInUserToSystem@1ca25c47</td></tr>
<tr>
<td title='tests.SignInUserToSystem.tc02SignInFailed()'><b>tc02SignInFailed</b><br>Test class: tests.SignInUserToSystem<br>Test method: Using Different Mail of users<br>Parameters: 122322V2221211, 234543</td>
<td></td>
<td>23</td>
<td>tests.SignInUserToSystem@1ca25c47</td></tr>
<tr>
<td title='tests.SignInUserToSystem.tc02SignInFailed()'><b>tc02SignInFailed</b><br>Test class: tests.SignInUserToSystem<br>Test method: Using Different Mail of users<br>Parameters: , </td>
<td></td>
<td>22</td>
<td>tests.SignInUserToSystem@1ca25c47</td></tr>
<tr>
<td title='tests.EnterNewLetterMail.tc03EnterExistMail()'><b>tc03EnterExistMail</b><br>Test class: tests.EnterNewLetterMail</td>
<td></td>
<td>7</td>
<td>tests.EnterNewLetterMail@5b6813df</td></tr>
<tr>
<td title='tests.AddFewProducts.tc03RemoveProduct()'><b>tc03RemoveProduct</b><br>Test class: tests.AddFewProducts</td>
<td></td>
<td>65</td>
<td>tests.AddFewProducts@5fcacc0</td></tr>
<tr>
<td title='tests.SignInUserToSystem.tc03SignInSuccessfullyToSystem()'><b>tc03SignInSuccessfullyToSystem</b><br>Test class: tests.SignInUserToSystem</td>
<td></td>
<td>8</td>
<td>tests.SignInUserToSystem@1ca25c47</td></tr>
<tr>
<td title='tests.AddProductTestPaymentSum.tc04CalcProductsPrice()'><b>tc04CalcProductsPrice</b><br>Test class: tests.AddProductTestPaymentSum</td>
<td></td>
<td>41</td>
<td>tests.AddProductTestPaymentSum@3ebff828</td></tr>
<tr>
<td title='tests.RemovalOfProduct.tc05CheckingRemoveBTN()'><b>tc05CheckingRemoveBTN</b><br>Test class: tests.RemovalOfProduct</td>
<td></td>
<td>59</td>
<td>tests.RemovalOfProduct@33352f32</td></tr>
</table><p>
</body>
</html>